#
# There is insufficient memory for the Java Runtime Environment to continue.
# Native memory allocation (malloc) failed to allocate 480104 bytes for AllocateHeap
# Possible reasons:
#   The system is out of physical RAM or swap space
#   The process is running with CompressedOops enabled, and the Java Heap may be blocking the growth of the native heap
# Possible solutions:
#   Reduce memory load on the system
#   Increase physical memory or swap space
#   Check if swap backing store is full
#   Decrease Java heap size (-Xmx/-Xms)
#   Decrease number of Java threads
#   Decrease Java thread stack sizes (-Xss)
#   Set larger code cache with -XX:ReservedCodeCacheSize=
#   JVM is running with Unscaled Compressed Oops mode in which the Java heap is
#     placed in the first 4GB address space. The Java Heap base address is the
#     maximum limit for the native heap growth. Please use -XX:HeapBaseMinAddress
#     to set the Java Heap base and to place the Java Heap above 4GB virtual address.
# This output file may be truncated or incomplete.
#
#  Out of Memory Error (memory/allocation.inline.hpp:63), pid=14868, tid=16288
#
# JRE version:  (10.0.2+13) (build )
# Java VM: Java HotSpot(TM) 64-Bit Server VM (10.0.2+13, mixed mode, tiered, compressed oops, g1 gc, windows-amd64)
# No core dump will be written. Minidumps are not enabled by default on client versions of Windows
#

---------------  S U M M A R Y ------------

Command Line: -XX:TieredStopAtLevel=1 -Xverify:none -Dspring.profiles.active=kadia -Dspring.output.ansi.enabled=always -Dcom.sun.management.jmxremote -Dspring.jmx.enabled=true -Dspring.liveBeansView.mbeanDomain -Dspring.application.admin.enabled=true -javaagent:C:\Program Files\JetBrains\IntelliJ IDEA 2019.2.3\lib\idea_rt.jar=61459:C:\Program Files\JetBrains\IntelliJ IDEA 2019.2.3\bin -Dfile.encoding=UTF-8 lifeprotect.mock.MockApplication

Host: Intel(R) Core(TM) i5-4210M CPU @ 2.60GHz, 4 cores, 7G,  Windows 10 , 64 bit Build 17134 (10.0.17134.753)
Time: Mon Jan 27 14:33:28 2020 Paris, Madrid elapsed time: 0 seconds (0d 0h 0m 0s)

---------------  T H R E A D  ---------------

Current thread (0x00000274b2c11000):  JavaThread "Unknown thread" [_thread_in_vm, id=16288, stack(0x000000bbd1f00000,0x000000bbd2000000)]

Stack: [0x000000bbd1f00000,0x000000bbd2000000]
Native frames: (J=compiled Java code, j=interpreted, Vv=VM code, C=native code)
V  [jvm.dll+0x5a01a9]
V  [jvm.dll+0x6bcf31]
V  [jvm.dll+0x6be126]
V  [jvm.dll+0x6be7b3]
V  [jvm.dll+0x234978]
V  [jvm.dll+0x29bada]
V  [jvm.dll+0x69c6bc]
V  [jvm.dll+0x69eb0f]
V  [jvm.dll+0x3519e9]
V  [jvm.dll+0x6856a2]
V  [jvm.dll+0x3ba0c3]
V  [jvm.dll+0x3bc261]
C  [java.exe+0x3531]
C  [java.exe+0xe1af]
C  [java.exe+0xe356]
C  [KERNEL32.DLL+0x14034]
C  [ntdll.dll+0x73691]


---------------  P R O C E S S  ---------------

Threads class SMR info:
_java_thread_list=0x00000274b2b11cf0, length=0, elements={
}

Java Threads: ( => current thread )

Other Threads:
  0x00000274b2c29800 GCTaskThread "GC Thread#0" [stack: 0x000000bbd2000000,0x000000bbd2100000] [id=6520]
  0x00000274b2c2b000 GCTaskThread "GC Thread#1" [stack: 0x000000bbd2100000,0x000000bbd2200000] [id=16024]
  0x00000274b2c2d000 GCTaskThread "GC Thread#2" [stack: 0x000000bbd2200000,0x000000bbd2300000] [id=3104]
  0x00000274b2c2e800 GCTaskThread "GC Thread#3" [stack: 0x000000bbd2300000,0x000000bbd2400000] [id=9228]
  0x00000274b2c99800 ConcurrentGCThread "G1 Main Marker" [stack: 0x000000bbd2400000,0x000000bbd2500000] [id=6236]
  0x00000274b2c9d000 ConcurrentGCThread "G1 Conc#0" [stack: 0x000000bbd2500000,0x000000bbd2600000] [id=12492]
  0x00000274d5dcf800 ConcurrentGCThread "G1 Refine#0" [stack: 0x000000bbd2600000,0x000000bbd2700000] [id=14764]
  0x00000274d5dd0000 ConcurrentGCThread "G1 Refine#1" [stack: 0x000000bbd2700000,0x000000bbd2800000] [id=8628]
  0x00000274d5dd1800 ConcurrentGCThread "G1 Refine#2" [stack: 0x000000bbd2800000,0x000000bbd2900000] [id=1728]
  0x00000274d5dd4800 ConcurrentGCThread "G1 Refine#3" [stack: 0x000000bbd2900000,0x000000bbd2a00000] [id=6484]
  0x00000274d5dd6000 ConcurrentGCThread "G1 Young RemSet Sampling" [stack: 0x000000bbd2a00000,0x000000bbd2b00000] [id=14508]

=>0x00000274b2c11000 (exited) JavaThread "Unknown thread" [_thread_in_vm, id=16288, stack(0x000000bbd1f00000,0x000000bbd2000000)]

Threads with active compile tasks:

VM state:not at safepoint (not fully initialized)

VM Mutex/Monitor currently owned by a thread: None

Heap address: 0x0000000081400000, size: 2028 MB, Compressed Oops mode: 32-bit
Narrow klass base: 0x0000000000000000, Narrow klass shift: 3
Compressed class space size: 1073741824 Address: 0x0000000100000000

GC Heap History (0 events):
No events

Deoptimization events (0 events):
No events

Classes redefined (0 events):
No events

Internal exceptions (0 events):
No events

Events (0 events):
No events


Dynamic libraries:
0x00007ff6ef7b0000 - 0x00007ff6ef7ee000 	C:\Program Files\Java\jdk-10.0.2\bin\java.exe
0x00007ffd51640000 - 0x00007ffd51821000 	C:\WINDOWS\SYSTEM32\ntdll.dll
0x00007ffd4eaf0000 - 0x00007ffd4eba1000 	C:\WINDOWS\System32\KERNEL32.DLL
0x00007ffd4dc00000 - 0x00007ffd4de73000 	C:\WINDOWS\System32\KERNELBASE.dll
0x00007ffd4f1d0000 - 0x00007ffd4f271000 	C:\WINDOWS\System32\ADVAPI32.dll
0x00007ffd51240000 - 0x00007ffd512de000 	C:\WINDOWS\System32\msvcrt.dll
0x00007ffd4ec10000 - 0x00007ffd4ec6b000 	C:\WINDOWS\System32\sechost.dll
0x00007ffd4f8a0000 - 0x00007ffd4f9c4000 	C:\WINDOWS\System32\RPCRT4.dll
0x00007ffd4f710000 - 0x00007ffd4f8a0000 	C:\WINDOWS\System32\USER32.dll
0x00007ffd4e360000 - 0x00007ffd4e380000 	C:\WINDOWS\System32\win32u.dll
0x00007ffd4ec70000 - 0x00007ffd4ec98000 	C:\WINDOWS\System32\GDI32.dll
0x00007ffd4ded0000 - 0x00007ffd4e061000 	C:\WINDOWS\System32\gdi32full.dll
0x00007ffd4d9d0000 - 0x00007ffd4da6f000 	C:\WINDOWS\System32\msvcp_win.dll
0x00007ffd4e260000 - 0x00007ffd4e358000 	C:\WINDOWS\System32\ucrtbase.dll
0x00007ffd405e0000 - 0x00007ffd40849000 	C:\WINDOWS\WinSxS\amd64_microsoft.windows.common-controls_6595b64144ccf1df_6.0.17134.1246_none_d3ffb9d77c90723d\COMCTL32.dll
0x00007ffd4f280000 - 0x00007ffd4f5a1000 	C:\WINDOWS\System32\combase.dll
0x00007ffd4db80000 - 0x00007ffd4dbf9000 	C:\WINDOWS\System32\bcryptPrimitives.dll
0x00007ffd3d6c0000 - 0x00007ffd3d6ca000 	C:\WINDOWS\SYSTEM32\VERSION.dll
0x00007ffd515b0000 - 0x00007ffd515dd000 	C:\WINDOWS\System32\IMM32.DLL
0x00007ffd1c870000 - 0x00007ffd1c95f000 	C:\Program Files\Java\jdk-10.0.2\bin\msvcr120.dll
0x00007ffd1c7c0000 - 0x00007ffd1c866000 	C:\Program Files\Java\jdk-10.0.2\bin\msvcp120.dll
0x0000000063340000 - 0x0000000063db0000 	C:\Program Files\Java\jdk-10.0.2\bin\server\jvm.dll
0x00007ffd4f700000 - 0x00007ffd4f708000 	C:\WINDOWS\System32\PSAPI.DLL
0x00007ffd3d9e0000 - 0x00007ffd3d9e9000 	C:\WINDOWS\SYSTEM32\WSOCK32.dll
0x00007ffd4f5e0000 - 0x00007ffd4f64c000 	C:\WINDOWS\System32\WS2_32.dll
0x00007ffd48b50000 - 0x00007ffd48b73000 	C:\WINDOWS\SYSTEM32\WINMM.dll
0x00007ffd48b20000 - 0x00007ffd48b4a000 	C:\WINDOWS\SYSTEM32\WINMMBASE.dll
0x00007ffd4de80000 - 0x00007ffd4dec9000 	C:\WINDOWS\System32\cfgmgr32.dll
0x00007ffd44ac0000 - 0x00007ffd44acf000 	C:\Program Files\Java\jdk-10.0.2\bin\verify.dll
0x00007ffd28340000 - 0x00007ffd28509000 	C:\WINDOWS\SYSTEM32\DBGHELP.DLL
0x00007ffd3b6e0000 - 0x00007ffd3b709000 	C:\WINDOWS\SYSTEM32\dbgcore.DLL
0x00007ffd44a90000 - 0x00007ffd44ab7000 	C:\Program Files\Java\jdk-10.0.2\bin\java.dll
0x00007ffd3d260000 - 0x00007ffd3d28a000 	C:\Program Files\Java\jdk-10.0.2\bin\instrument.dll
0x00007ffd44a70000 - 0x00007ffd44a86000 	C:\Program Files\Java\jdk-10.0.2\bin\zip.dll
0x00007ffd44a60000 - 0x00007ffd44a6a000 	C:\Program Files\Java\jdk-10.0.2\bin\jimage.dll

dbghelp: loaded successfully - version: 4.0.5 - missing functions: none
symbol engine: initialized successfully - sym options: 0x614 - pdb path: .;C:\Program Files\Java\jdk-10.0.2\bin;C:\WINDOWS\SYSTEM32;C:\WINDOWS\WinSxS\amd64_microsoft.windows.common-controls_6595b64144ccf1df_6.0.17134.1246_none_d3ffb9d77c90723d;C:\Program Files\Java\jdk-10.0.2\bin\server

VM Arguments:
jvm_args: -XX:TieredStopAtLevel=1 -Xverify:none -Dspring.profiles.active=kadia -Dspring.output.ansi.enabled=always -Dcom.sun.management.jmxremote -Dspring.jmx.enabled=true -Dspring.liveBeansView.mbeanDomain -Dspring.application.admin.enabled=true -javaagent:C:\Program Files\JetBrains\IntelliJ IDEA 2019.2.3\lib\idea_rt.jar=61459:C:\Program Files\JetBrains\IntelliJ IDEA 2019.2.3\bin -Dfile.encoding=UTF-8 
java_command: lifeprotect.mock.MockApplication
java_class_path (initial): C:\Users\etudiant\Documents\UPEC\ING2\PDS\PROJET\NEW_PROJECT\mock\target\classes;C:\Users\etudiant\.m2\repository\org\springframework\boot\spring-boot-starter-data-jpa\2.2.2.RELEASE\spring-boot-starter-data-jpa-2.2.2.RELEASE.jar;C:\Users\etudiant\.m2\repository\org\springframework\boot\spring-boot-starter-aop\2.2.2.RELEASE\spring-boot-starter-aop-2.2.2.RELEASE.jar;C:\Users\etudiant\.m2\repository\org\springframework\spring-aop\5.2.2.RELEASE\spring-aop-5.2.2.RELEASE.jar;C:\Users\etudiant\.m2\repository\org\aspectj\aspectjweaver\1.9.5\aspectjweaver-1.9.5.jar;C:\Users\etudiant\.m2\repository\org\springframework\boot\spring-boot-starter-jdbc\2.2.2.RELEASE\spring-boot-starter-jdbc-2.2.2.RELEASE.jar;C:\Users\etudiant\.m2\repository\com\zaxxer\HikariCP\3.4.1\HikariCP-3.4.1.jar;C:\Users\etudiant\.m2\repository\org\springframework\spring-jdbc\5.2.2.RELEASE\spring-jdbc-5.2.2.RELEASE.jar;C:\Users\etudiant\.m2\repository\jakarta\activation\jakarta.activation-api\1.2.1\jakarta.activation-api-1.2.1.jar;C:\Users\etudiant\.m2\repository\jakarta\persistence\jakarta.persistence-api\2.2.3\jakarta.persistence-api-2.2.3.jar;C:\Users\etudiant\.m2\repository\jakarta\transaction\jakarta.transaction-api\1.3.3\jakarta.transaction-api-1.3.3.jar;C:\Users\etudiant\.m2\repository\org\hibernate\hibernate-core\5.4.9.Final\hibernate-core-5.4.9.Final.jar;C:\Users\etudiant\.m2\repository\org\jboss\logging\jboss-logging\3.4.1.Final\jboss-logging-3.4.1.Final.jar;C:\Users\etudiant\.m2\repository\org\javassist\javassist\3.24.0-GA\javassist-3.24.0-GA.jar;C:\Users\etudiant\.m2\repository\net\bytebuddy\byte-buddy\1.10.4\byte-buddy-1.10.4.jar;C:\Users\etudiant\.m2\repository\antlr\antlr\2.7.7\antlr-2.7.7.jar;C:\Users\etudiant\.m2\repository\org\jboss\jandex\2.1.1.Final\jandex-2.1.1.Final.jar;C:\Users\etudiant\.m2\repository\com\fasterxml\classmate\1.5.1\classmate-1.5.1.jar;C:\Users\etudiant\.m2\repository\org\dom4j\dom4j\2.1.1\dom4j-2.1.1.jar;C:\Users\etudiant\.m2\repository\org\
Launcher Type: SUN_STANDARD

Logging:
Log output configuration:
#0: stdout all=warning uptime,level,tags
#1: stderr all=off uptime,level,tags

Environment Variables:
JAVA_HOME=C:\Program Files\Java\jdk-10.0.2
PATH=C:\Program Files (x86)\Common Files\Oracle\Java\javapath;C:\WINDOWS\system32;C:\WINDOWS;C:\WINDOWS\System32\Wbem;C:\WINDOWS\System32\WindowsPowerShell\v1.0\;C:\WINDOWS\CCM;C:\Program Files\OpenVPN\bin;C:\Program Files\Java\jdk-10.0.2\bin;C:\apache-derby\bin;C:\Program Files (x86)\Windows Kits\10\Windows Performance Toolkit\;C:\WINDOWS\System32\OpenSSH\;C:\Program Files\Git\cmd;C:\ProgramData\ComposerSetup\bin;C:\Program Files\nodejs\;C:\Program Files\Apache Software Foundation\apache-maven\apache-maven-3.6.1\bin;C:\Program Files\PuTTY\;C:\Users\etudiant\AppData\Local\Microsoft\WindowsApps;C:\Users\etudiant\AppData\Local\Microsoft\WindowsApps;C:\wamp\bin\php\php7.3.1;C:\Program Files (x86)\Java\jre7\bin;C:\Program Files\Java\jdk-10.0.2\bin;C:\Users\etudiant\AppData\Roaming\Composer\vendor\bin;C:\Users\etudiant\AppData\Roaming\npm
USERNAME=kadia
OS=Windows_NT
PROCESSOR_IDENTIFIER=Intel64 Family 6 Model 60 Stepping 3, GenuineIntel



---------------  S Y S T E M  ---------------

OS: Windows 10 , 64 bit Build 17134 (10.0.17134.753)

CPU:total 4 (initial active 4) (2 cores per cpu, 2 threads per core) family 6 model 60 stepping 3, cmov, cx8, fxsr, mmx, sse, sse2, sse3, ssse3, sse4.1, sse4.2, popcnt, avx, avx2, aes, clmul, erms, lzcnt, ht, tsc, tscinvbit, bmi1, bmi2, fma

Memory: 4k page, physical 8299628k(1788596k free), swap 11863092k(2320k free)

vm_info: Java HotSpot(TM) 64-Bit Server VM (10.0.2+13) for windows-amd64 JRE (10.0.2+13), built on Jun 28 2018 01:57:56 by "mach5one" with MS VC++ 12.0 (VS2013)

END.
